<?xml version="1.0" encoding="UTF-8"?>
<!-- Generated by org.testng.reporters.JUnitReportReporter -->
<testsuite hostname="TCGBNENLT0019" failures="0" tests="1" name="testcases.TC_003" time="7.622" errors="0" timestamp="2021-06-16T17:08:45 IST" skipped="0">
  <testcase classname="testcases.TC_003" name="tc001" time="7.622"/>
  <system-out/>
</testsuite> <!-- testcases.TC_003 -->
