<?xml version="1.0" encoding="UTF-8"?>
<!-- Generated by org.testng.reporters.JUnitReportReporter -->
<testsuite hostname="TCGBNENLT0019" failures="0" tests="1" name="testcases.TC_002" time="42.424" errors="0" timestamp="2021-06-14T17:57:44 IST" skipped="0">
  <testcase classname="testcases.TC_002" name="tc001" time="42.424"/>
  <system-out/>
</testsuite> <!-- testcases.TC_002 -->
